Levels :Spam True :Debug True :Info True :Warn True
[Info] Harmony? 1.2.0.1
[Info] Unity? 2018.4.2f1
[Info] Product? BATTLETECH-1.9.1-686R
[Info] ModTek? 0.7.7.3
[Info] Initialized com.github.m22spencer.BattletechPerformanceFix 2.13.0.7403
[Info] Mod-Dir? C:\Program Files (x86)\Steam\steamapps\common\BATTLETECH\Mods\BattletechPerformanceFix
[Info] BattletechPerformanceFix found BattleTech 1.9.1 and will now load
[Info] Features ----------
[Info] Feature MechlabFix is ON
[Info] Feature LoadFixes is ON
[Info] Feature NoSalvageSoftlock is ON
[Info] Feature DataLoaderGetEntryCheck is ON
[Info] Feature ShopTabLagFix is ON
[Info] Feature ContractLagFix is ON
[Info] Feature EnableLoggingDuringLoads is ON
[Info] Feature ExtraLogging is ON
[Info] Feature ShaderDependencyOverride is ON
[Info] Feature DisableDeployAudio is OFF
[Info] Feature RemovedFlashpointFix is ON
[Info] Feature DisableSimAnimations is OFF
[Info] Feature RemovedContractsFix is ON
[Info] Patches ----------
[Info] Feature MechlabFix:
[Info] Patch: AAR_SalvageScreen.BeginSalvageScreen -> MechlabFix.BeginSalvageScreen_Pre
[Info] Patch: MechLabPanel.PopulateInventory -> MechlabFix.PopulateInventory_Pre
[Info] Patch: MechLabPanel.ConfirmRevertMech -> MechlabFix.ConfirmRevertMech_Pre
[Info] Patch: MechLabPanel.ExitMechLab -> MechlabFix.ExitMechLab_Pre
[Info] Patch: ScrollRect.LateUpdate -> MechlabFix.LateUpdate_Pre
[Info] Patch: MechLabInventoryWidget.OnAddItem -> MechlabFix.OnAddItem_Pre
[Info] Patch: MechLabInventoryWidget.OnRemoveItem -> MechlabFix.OnRemoveItem_Pre
[Info] Patch: MechLabInventoryWidget.OnItemGrab -> MechlabFix.OnItemGrab_Pre
[Info] Patch: MechLabInventoryWidget.ApplyFiltering -> MechlabFix.ApplyFiltering_Pre
[Info] Patch: MechLabPanel.MechCanEquipItem -> MechlabFix.MechCanEquipItem_Pre
[Info] Patch: MechLabInventoryWidget.ApplySorting -> MechlabFix.ApplySorting_Pre
[Info] Feature LoadFixes:
[Spam] CheckPatch is NYI
[Info] Feature NoSalvageSoftlock:
[Spam] CheckPatch is NYI
[Info] Feature DataLoaderGetEntryCheck:
[Spam] CheckPatch is NYI
[Info] Feature ShopTabLagFix:
[Spam] CheckPatch is NYI
[Spam] CheckPatch is NYI
[Info] Feature ContractLagFix:
[Debug] EncounterLayerData ctors 1
[Info] Feature EnableLoggingDuringLoads:
[Info] Feature ExtraLogging:
[Info] Patch: LanceOverride.RequestLance -> ExtraLogging.RequestLance_Pre
[Info] Patch: SimGameState.PrepContract -> ExtraLogging.PrepContract_Pre
[Info] Patch: SimGameState.PrepContract -> ExtraLogging.PrepContract_Post
[Info] Patch: LanceSpawnerGameLogic.InitializeTaggedLance -> ExtraLogging.InitializeTaggedLance_Pre
[Info] Feature ShaderDependencyOverride:
[Info] Patch: AssetBundleManager.IsBundleLoaded -> ShaderDependencyOverride.GetManager
[Info] Patch: AssetBundleManager.GenerateWebRequest -> ShaderDependencyOverride.GetManager
[Info] Patch: AssetBundleManager.IsBundleLoaded -> ShaderDependencyOverride.WithShaderDeps
[Info] Patch: AssetBundleManager.GenerateWebRequest -> ShaderDependencyOverride.WithShaderDeps
[Info] Feature RemovedFlashpointFix:
[Info] Patch: SimGameState.Rehydrate -> RemovedFlashpointFix.Rehydrate_Pre
[Info] Feature RemovedContractsFix:
[Info] Patch: SimGameState.Rehydrate -> RemovedContractsFix.Rehydrate_Pre
[Info] Runtime ----------
[Info] Patch out sensitive data log dumps
[Info] LogLevel info
Levels :Spam False :Debug False :Info True :Warn True
[Info] (CL) SimGameState::PrepContract(pre) :contract.Name Tag Team :contract.Difficulty 5 :GetDifficulty 5 :GlobalDifficulty 0 :ContractDifficultyVariance 1
[Info] (CL) SimGameState::PrepContract(post) :contract.Name Tag Team :contract.Difficulty 5 :contract.Override.finalDifficulty 5 :UIDifficulty 5
[Info] (CL) SimGameState::PrepContract(pre) :contract.Name Hot Landing :contract.Difficulty 4 :GetDifficulty 4 :GlobalDifficulty 0 :ContractDifficultyVariance 1
[Info] (CL) SimGameState::PrepContract(post) :contract.Name Hot Landing :contract.Difficulty 4 :contract.Override.finalDifficulty 4 :UIDifficulty 4
[Info] (CL) SimGameState::PrepContract(pre) :contract.Name Titan Attack :contract.Difficulty 4 :GetDifficulty 4 :GlobalDifficulty 0 :ContractDifficultyVariance 1
[Info] (CL) SimGameState::PrepContract(post) :contract.Name Titan Attack :contract.Difficulty 4 :contract.Override.finalDifficulty 4 :UIDifficulty 4
[Info] (CL) SimGameState::PrepContract(pre) :contract.Name Settling a Grudge :contract.Difficulty 4 :GetDifficulty 4 :GlobalDifficulty 0 :ContractDifficultyVariance 1
[Info] (CL) SimGameState::PrepContract(post) :contract.Name Settling a Grudge :contract.Difficulty 4 :contract.Override.finalDifficulty 4 :UIDifficulty 4
[Info] (CL) SimGameState::PrepContract(pre) :contract.Name Payroll Seizure :contract.Difficulty 3 :GetDifficulty 3 :GlobalDifficulty 0 :ContractDifficultyVariance 1
[Info] (CL) SimGameState::PrepContract(post) :contract.Name Payroll Seizure :contract.Difficulty 3 :contract.Override.finalDifficulty 3 :UIDifficulty 3
[Info] (CL) SimGameState::PrepContract(pre) :contract.Name Mopping Up :contract.Difficulty 1 :GetDifficulty 1 :GlobalDifficulty 0 :ContractDifficultyVariance 1
[Info] (CL) SimGameState::PrepContract(post) :contract.Name Mopping Up :contract.Difficulty 1 :contract.Override.finalDifficulty 1 :UIDifficulty 1
[Info] (CL) SimGameState::PrepContract(pre) :contract.Name He Does His Own Stunts :contract.Difficulty 5 :GetDifficulty 5 :GlobalDifficulty 0 :ContractDifficultyVariance 1
[Info] (CL) SimGameState::PrepContract(post) :contract.Name He Does His Own Stunts :contract.Difficulty 5 :contract.Override.finalDifficulty 5 :UIDifficulty 5
[Info] (CL) SimGameState::PrepContract(pre) :contract.Name Cease and Desist :contract.Difficulty 1 :GetDifficulty 1 :GlobalDifficulty 0 :ContractDifficultyVariance 1
[Info] (CL) SimGameState::PrepContract(post) :contract.Name Cease and Desist :contract.Difficulty 1 :contract.Override.finalDifficulty 1 :UIDifficulty 1
[Info] (CL) SimGameState::PrepContract(pre) :contract.Name Repossession :contract.Difficulty 2 :GetDifficulty 2 :GlobalDifficulty 0 :ContractDifficultyVariance 1
[Info] (CL) SimGameState::PrepContract(post) :contract.Name Repossession :contract.Difficulty 2 :contract.Override.finalDifficulty 2 :UIDifficulty 2
[Info] (CL) SimGameState::PrepContract(pre) :contract.Name Biological Sample :contract.Difficulty 4 :GetDifficulty 4 :GlobalDifficulty 0 :ContractDifficultyVariance 1
[Info] (CL) SimGameState::PrepContract(post) :contract.Name Biological Sample :contract.Difficulty 4 :contract.Override.finalDifficulty 4 :UIDifficulty 4
[Info] (CL) SimGameState::PrepContract(pre) :contract.Name Stop the Signal :contract.Difficulty 2 :GetDifficulty 2 :GlobalDifficulty 0 :ContractDifficultyVariance 1
[Info] (CL) SimGameState::PrepContract(post) :contract.Name Stop the Signal :contract.Difficulty 2 :contract.Override.finalDifficulty 2 :UIDifficulty 3
[Info] (CL) SimGameState::PrepContract(pre) :contract.Name Deniable Destruction :contract.Difficulty 1 :GetDifficulty 1 :GlobalDifficulty 0 :ContractDifficultyVariance 1
[Info] (CL) SimGameState::PrepContract(post) :contract.Name Deniable Destruction :contract.Difficulty 1 :contract.Override.finalDifficulty 1 :UIDifficulty 1
[Info] (CL) SimGameState::PrepContract(pre) :contract.Name The Price of Discretion :contract.Difficulty 1 :GetDifficulty 1 :GlobalDifficulty 0 :ContractDifficultyVariance 1
[Info] (CL) SimGameState::PrepContract(post) :contract.Name The Price of Discretion :contract.Difficulty 1 :contract.Override.finalDifficulty 1 :UIDifficulty 1
[Info] (CL) SimGameState::PrepContract(pre) :contract.Name Contested Will :contract.Difficulty 1 :GetDifficulty 1 :GlobalDifficulty 0 :ContractDifficultyVariance 1
[Info] (CL) SimGameState::PrepContract(post) :contract.Name Contested Will :contract.Difficulty 1 :contract.Override.finalDifficulty 1 :UIDifficulty 1
[Info] (CL) SimGameState::PrepContract(pre) :contract.Name Training Day :contract.Difficulty 1 :GetDifficulty 1 :GlobalDifficulty 0 :ContractDifficultyVariance 1
[Info] (CL) SimGameState::PrepContract(post) :contract.Name Training Day :contract.Difficulty 1 :contract.Override.finalDifficulty 1 :UIDifficulty 1
[Info] (CL) SimGameState::PrepContract(pre) :contract.Name Spoiler :contract.Difficulty 2 :GetDifficulty 1 :GlobalDifficulty 0 :ContractDifficultyVariance 1
[Info] (CL) SimGameState::PrepContract(post) :contract.Name Spoiler :contract.Difficulty 2 :contract.Override.finalDifficulty 2 :UIDifficulty 2
[Info] (CL) SimGameState::PrepContract(pre) :contract.Name Humanitarians :contract.Difficulty 1 :GetDifficulty 1 :GlobalDifficulty 0 :ContractDifficultyVariance 1
[Info] (CL) SimGameState::PrepContract(post) :contract.Name Humanitarians :contract.Difficulty 1 :contract.Override.finalDifficulty 1 :UIDifficulty 1
[Info] (CL) SimGameState::PrepContract(pre) :contract.Name Supply Lines :contract.Difficulty 2 :GetDifficulty 1 :GlobalDifficulty 0 :ContractDifficultyVariance 1
[Info] (CL) SimGameState::PrepContract(post) :contract.Name Supply Lines :contract.Difficulty 2 :contract.Override.finalDifficulty 2 :UIDifficulty 2
[Info] (CL) SimGameState::PrepContract(pre) :contract.Name Bodyguards :contract.Difficulty 1 :GetDifficulty 1 :GlobalDifficulty 0 :ContractDifficultyVariance 1
[Info] (CL) SimGameState::PrepContract(post) :contract.Name Bodyguards :contract.Difficulty 1 :contract.Override.finalDifficulty 1 :UIDifficulty 1
