2020-02-17 20:24:04.566 - Assembly version: 0.5.6.0
2020-02-17 20:24:04.566 - ModDir is:C:\Program Files (x86)\Steam\steamapps\common\BATTLETECH\Mods\IRTweaks
2020-02-17 20:24:04.566 - mod.json settings are:({"Debug":true,"Trace":false,"Fixes":{"BulkPurchasing":"true","CombatLog":"false","DisableCampaign":"false","DisableCombatSaves":"false","ExtendedStats":"true","FlexibleSensorLock":"true","MultiTargetStat":"true","PreventHeadShots":"false","RandomStartByDifficulty":"false","ReduceSaveCompression":"true","SkipDeleteSavePopup":"true","SkirmishReset":"true","SpawnProtection":"true","StreamlinedMainMenu":"true","WeaponTooltip":"true"},"Abilities":{"MultiTargetId":"AbilityDefG5"},"Combat":{"PilotAttributesMax":14,"CalledShot":{"Modifier":9,"PilotTags":{"pilot_drunk":-2,"pilot_reckless":-1,"pilot_assassin":2}},"SpawnProtection":{"ApplyGuard":true,"EvasionPips":0,"ApplyToEnemies":true,"ApplyToAllies":true,"ApplyToNeutrals":true,"ApplyToReinforcements":true},"FlexibleSensorLock":{"FreeActionWithAbility":true,"AbilityId":"AbilityDefT8A"}},"Store":{"QuantityOnShift":5,"QuantityOnControl":20}})
2020-02-17 20:24:04.567 - === MOD CONFIG BEGIN ===
2020-02-17 20:24:04.567 -   DEBUG:True Trace:False
2020-02-17 20:24:04.567 -   -- Fixes --
2020-02-17 20:24:04.567 -   BulkPurchasing:True  CombatLog:False  DisableCombatSaves:False  ExtendedStats: True  FlexibleSensorLock:True  PreventCalledShots: False  RandomStartByDifficulty:False  SkirmishReset: True  SpawnProtection:TrueWeaponTooltips:TrueSkipDeleteSavePopup:TrueReduceSaveCompression:True
2020-02-17 20:24:04.567 -   -- Called Shot --
2020-02-17 20:24:04.567 -    CalledShotDefaultMod:9
2020-02-17 20:24:04.567 -    CalledShotPilotModifier - tag:pilot_drunk modifier:-2
2020-02-17 20:24:04.567 -    CalledShotPilotModifier - tag:pilot_reckless modifier:-1
2020-02-17 20:24:04.567 -    CalledShotPilotModifier - tag:pilot_assassin modifier:2
2020-02-17 20:24:04.567 -    CalledShotDefaultMod:9
2020-02-17 20:24:04.567 -   -- Spawn Protection --
2020-02-17 20:24:04.567 -    ApplyGuard:True  EvasionPips:0
2020-02-17 20:24:04.567 -    ApplyToEnemies:True  ApplyToAllies:True  ApplyToNeutrals:True  
2020-02-17 20:24:04.567 -    ApplyToReinforcements:True
2020-02-17 20:24:04.567 -   -- Store --
2020-02-17 20:24:04.567 -    QuantityOnShift:5  QuantityOnControl:20
2020-02-17 20:24:04.567 -   -- Flexible Sensor Lock Options --
2020-02-17 20:24:04.567 -    FreeActionWithAbility:True  AbilityId:AbilityDefT8A
2020-02-17 20:24:04.567 - === MOD CONFIG END ===
2020-02-17 20:24:04.567 - INFO: No errors reading settings file.
2020-02-17 20:24:04.568 - Activating Fix: ExtendedStats
2020-02-17 20:24:04.570 - Activating Fix: FlexibleSensorLock
2020-02-17 20:24:04.599 - Activating Fix: SpawnProtection
2020-02-17 20:24:04.601 - Activating Fix: SkirmishReset
2020-02-17 20:24:04.602 - Activating Fix: MultiTargetStat
2020-02-17 20:24:04.603 - Activating Fix: BulkPurchasing
2020-02-17 20:24:04.606 - Activating Fix: StreamlinedMainMenu
2020-02-17 20:24:04.612 - Activating Fix: WeaponTooltip
2020-02-17 20:24:52.019 - SGNWL:I - entered with instanceType: BattleTech.UI.SGNavigationWidgetLeft.
2020-02-17 20:24:54.757 - SGNL:Start - adding new button.
2020-02-17 20:24:54.757 -  - Creating store button
2020-02-17 20:24:54.761 -  - Creating staff button
2020-02-17 20:24:54.766 -  - Creating memorial button
2020-02-17 20:25:20.104 - SGNB:OC - button clicked for ID: CMD_CENTER
2020-02-17 20:25:20.104 - DEBUG - calling SetQueuedUIActivationID!
2020-02-17 20:26:50.450 - Protecting lances on firstContact during first round:1
2020-02-17 20:26:50.450 - Protecting units on first turn'
2020-02-17 20:26:50.450 - Applying braced state to actor:Spider_Legend Slayer_7B9F1E30 of type:BattleTech.Mech
2020-02-17 20:26:50.451 - Applying braced state to actor:Shadow Hawk_FlyBoy_EC1A10DE of type:BattleTech.Mech
2020-02-17 20:26:50.451 - Applying braced state to actor:Blackjack_Nomad_57245CBC of type:BattleTech.Mech
2020-02-17 20:26:50.452 - Applying braced state to actor:Vindicator_Babby_BF79B444 of type:BattleTech.Mech
2020-02-17 20:26:50.452 - Applying braced state to actor:Firestarter_Recruit_BDB3FEEE of type:BattleTech.Mech
2020-02-17 20:26:50.452 - Applying braced state to actor:Firestarter_Recruit_124FB4F4 of type:BattleTech.Mech
2020-02-17 20:27:09.134 - Protecting lances on firstContact during first round:2
2020-02-17 20:27:25.310 - Protecting lances on firstContact during first round:3
2020-02-17 20:27:40.618 - Protecting lances on firstContact during first round:4
2020-02-17 20:28:04.184 - Protecting lances on firstContact during first round:5
2020-02-17 20:28:20.353 - Multi-Target stat exists
2020-02-17 20:28:20.353 - Actor: Firestarter_Recruit_124FB4F4 has enableMultiTarget: false
2020-02-17 20:29:07.618 - Protecting lances on firstContact during first round:6
2020-02-17 20:29:11.644 - Multi-Target stat exists
2020-02-17 20:29:11.644 - Actor: Firestarter_Recruit_BDB3FEEE has enableMultiTarget: false
2020-02-17 20:29:29.534 - Multi-Target stat exists
2020-02-17 20:29:29.534 - Actor: Firestarter_Recruit_124FB4F4 has enableMultiTarget: false
2020-02-17 20:30:12.505 - Protecting lances on firstContact during first round:7
2020-02-17 20:30:16.545 - Multi-Target stat exists
2020-02-17 20:30:16.545 - Actor: Firestarter_Recruit_BDB3FEEE has enableMultiTarget: false
2020-02-17 20:30:36.137 - Multi-Target stat exists
2020-02-17 20:30:36.137 - Actor: Firestarter_Recruit_124FB4F4 has enableMultiTarget: false
2020-02-17 20:31:18.469 - Protecting lances on firstContact during first round:8
2020-02-17 20:31:22.665 - Multi-Target stat exists
2020-02-17 20:31:22.665 - Actor: Firestarter_Recruit_124FB4F4 has enableMultiTarget: false
2020-02-17 20:32:35.554 - Protecting lances on firstContact during first round:9
2020-02-17 20:32:40.084 - Multi-Target stat exists
2020-02-17 20:32:40.084 - Actor: Firestarter_Recruit_124FB4F4 has enableMultiTarget: false
2020-02-17 20:37:44.973 - TP_W:SD entered.
2020-02-17 20:37:44.973 -   Updating weapon text.
2020-02-17 20:37:45.044 - TP_W:SD entered.
2020-02-17 20:37:45.044 -   Updating weapon text.
2020-02-17 20:37:45.612 - TP_W:SD entered.
2020-02-17 20:37:45.612 -   Updating weapon text.
2020-02-17 20:37:45.646 - TP_W:SD entered.
2020-02-17 20:37:45.646 -   Updating weapon text.
2020-02-17 20:38:02.329 - TP_W:SD entered.
2020-02-17 20:38:02.329 -   Updating weapon text.
2020-02-17 20:38:03.195 - TP_W:SD entered.
2020-02-17 20:38:03.195 -   Updating weapon text.
2020-02-17 20:38:13.961 - TP_W:SD entered.
2020-02-17 20:38:13.961 -   Updating weapon text.
2020-02-17 20:38:14.245 - TP_W:SD entered.
2020-02-17 20:38:14.245 -   Updating weapon text.
2020-02-17 20:38:15.395 - TP_W:SD entered.
2020-02-17 20:38:15.395 -   Updating weapon text.
2020-02-17 20:38:15.495 - TP_W:SD entered.
2020-02-17 20:38:15.495 -   Updating weapon text.
2020-02-17 20:38:28.478 - TP_W:SD entered.
2020-02-17 20:38:28.479 -   Updating weapon text.
2020-02-17 20:38:38.314 - SGNWL:I - entered with instanceType: BattleTech.UI.SGNavigationWidgetLeft.
2020-02-17 20:38:40.968 - SGNL:Start - adding new button.
2020-02-17 20:38:40.968 -  - Creating store button
2020-02-17 20:38:40.972 -  - Creating staff button
2020-02-17 20:38:40.976 -  - Creating memorial button
2020-02-17 20:38:50.502 - SGNB:OC - button clicked for ID: MECH_BAY
2020-02-17 20:38:50.502 - DEBUG - calling SetQueuedUIActivationID!
2020-02-17 20:39:36.865 - TP_W:SD entered.
2020-02-17 20:39:36.865 -   Updating weapon text.
2020-02-17 20:39:37.682 - TP_W:SD entered.
2020-02-17 20:39:37.682 -   Updating weapon text.
2020-02-17 20:39:38.032 - TP_W:SD entered.
2020-02-17 20:39:38.033 -   Updating weapon text.
2020-02-17 20:39:38.114 - TP_W:SD entered.
2020-02-17 20:39:38.114 -   Updating weapon text.
2020-02-17 20:39:38.149 - TP_W:SD entered.
2020-02-17 20:39:38.149 -   Updating weapon text.
2020-02-17 20:39:39.033 - TP_W:SD entered.
2020-02-17 20:39:39.033 -   Updating weapon text.
2020-02-17 20:39:39.200 - TP_W:SD entered.
2020-02-17 20:39:39.200 -   Updating weapon text.
2020-02-17 20:39:39.281 - TP_W:SD entered.
2020-02-17 20:39:39.281 -   Updating weapon text.
2020-02-17 20:39:39.931 - TP_W:SD entered.
2020-02-17 20:39:39.931 -   Updating weapon text.
2020-02-17 20:39:39.981 - TP_W:SD entered.
2020-02-17 20:39:39.981 -   Updating weapon text.
2020-02-17 20:39:40.032 - TP_W:SD entered.
2020-02-17 20:39:40.032 -   Updating weapon text.
2020-02-17 20:39:40.182 - TP_W:SD entered.
2020-02-17 20:39:40.182 -   Updating weapon text.
2020-02-17 20:39:40.198 - TP_W:SD entered.
2020-02-17 20:39:40.198 -   Updating weapon text.
2020-02-17 20:39:40.314 - TP_W:SD entered.
2020-02-17 20:39:40.314 -   Updating weapon text.
2020-02-17 20:39:40.331 - TP_W:SD entered.
2020-02-17 20:39:40.332 -   Updating weapon text.
2020-02-17 20:39:44.848 - TP_W:SD entered.
2020-02-17 20:39:44.848 -   Updating weapon text.
2020-02-17 20:39:44.997 - TP_W:SD entered.
2020-02-17 20:39:44.997 -   Updating weapon text.
2020-02-17 20:39:45.181 - TP_W:SD entered.
2020-02-17 20:39:45.181 -   Updating weapon text.
2020-02-17 20:39:45.265 - TP_W:SD entered.
2020-02-17 20:39:45.265 -   Updating weapon text.
2020-02-17 20:39:46.197 - TP_W:SD entered.
2020-02-17 20:39:46.197 -   Updating weapon text.
2020-02-17 20:39:46.247 - TP_W:SD entered.
2020-02-17 20:39:46.247 -   Updating weapon text.
2020-02-17 20:39:46.314 - TP_W:SD entered.
2020-02-17 20:39:46.314 -   Updating weapon text.
2020-02-17 20:39:49.330 - TP_W:SD entered.
2020-02-17 20:39:49.330 -   Updating weapon text.
2020-02-17 20:39:50.381 - TP_W:SD entered.
2020-02-17 20:39:50.381 -   Updating weapon text.
2020-02-17 20:39:52.380 - TP_W:SD entered.
2020-02-17 20:39:52.380 -   Updating weapon text.
2020-02-17 20:39:53.798 - TP_W:SD entered.
2020-02-17 20:39:53.798 -   Updating weapon text.
2020-02-17 20:39:53.847 - TP_W:SD entered.
2020-02-17 20:39:53.848 -   Updating weapon text.
2020-02-17 20:39:53.881 - TP_W:SD entered.
2020-02-17 20:39:53.881 -   Updating weapon text.
2020-02-17 20:39:54.081 - TP_W:SD entered.
2020-02-17 20:39:54.082 -   Updating weapon text.
2020-02-17 20:39:54.580 - TP_W:SD entered.
2020-02-17 20:39:54.580 -   Updating weapon text.
2020-02-17 20:39:58.898 - TP_W:SD entered.
2020-02-17 20:39:58.898 -   Updating weapon text.
2020-02-17 20:40:03.017 - TP_W:SD entered.
2020-02-17 20:40:03.017 -   Updating weapon text.
2020-02-17 20:40:04.581 - TP_W:SD entered.
2020-02-17 20:40:04.581 -   Updating weapon text.
2020-02-17 20:40:04.681 - TP_W:SD entered.
2020-02-17 20:40:04.681 -   Updating weapon text.
2020-02-17 20:40:14.398 - TP_W:SD entered.
2020-02-17 20:40:14.398 -   Updating weapon text.
2020-02-17 20:40:20.280 - TP_W:SD entered.
2020-02-17 20:40:20.280 -   Updating weapon text.
2020-02-17 20:40:20.330 - TP_W:SD entered.
2020-02-17 20:40:20.330 -   Updating weapon text.
2020-02-17 20:40:22.164 - TP_W:SD entered.
2020-02-17 20:40:22.164 -   Updating weapon text.
2020-02-17 20:40:24.614 - TP_W:SD entered.
2020-02-17 20:40:24.614 -   Updating weapon text.
2020-02-17 20:40:25.047 - TP_W:SD entered.
2020-02-17 20:40:25.047 -   Updating weapon text.
2020-02-17 20:40:25.180 - TP_W:SD entered.
2020-02-17 20:40:25.180 -   Updating weapon text.
2020-02-17 20:40:25.800 - TP_W:SD entered.
2020-02-17 20:40:25.800 -   Updating weapon text.
2020-02-17 20:40:26.148 - TP_W:SD entered.
2020-02-17 20:40:26.148 -   Updating weapon text.
2020-02-17 20:40:27.166 - TP_W:SD entered.
2020-02-17 20:40:27.166 -   Updating weapon text.
2020-02-17 20:40:27.498 - TP_W:SD entered.
2020-02-17 20:40:27.498 -   Updating weapon text.
2020-02-17 20:40:27.681 - TP_W:SD entered.
2020-02-17 20:40:27.681 -   Updating weapon text.
2020-02-17 20:40:27.847 - TP_W:SD entered.
2020-02-17 20:40:27.847 -   Updating weapon text.
2020-02-17 20:40:28.110 - TP_W:SD entered.
2020-02-17 20:40:28.110 -   Updating weapon text.
2020-02-17 20:40:29.100 - TP_W:SD entered.
2020-02-17 20:40:29.100 -   Updating weapon text.
2020-02-17 20:40:29.248 - TP_W:SD entered.
2020-02-17 20:40:29.248 -   Updating weapon text.
2020-02-17 20:40:29.697 - TP_W:SD entered.
2020-02-17 20:40:29.697 -   Updating weapon text.
2020-02-17 20:40:29.717 - TP_W:SD entered.
2020-02-17 20:40:29.717 -   Updating weapon text.
2020-02-17 20:40:29.733 - TP_W:SD entered.
2020-02-17 20:40:29.733 -   Updating weapon text.
2020-02-17 20:40:39.114 - TP_W:SD entered.
2020-02-17 20:40:39.114 -   Updating weapon text.
2020-02-17 20:40:39.697 - TP_W:SD entered.
2020-02-17 20:40:39.697 -   Updating weapon text.
2020-02-17 20:40:40.214 - TP_W:SD entered.
2020-02-17 20:40:40.214 -   Updating weapon text.
2020-02-17 20:40:46.597 - TP_W:SD entered.
2020-02-17 20:40:46.597 -   Updating weapon text.
2020-02-17 20:40:56.064 - TP_W:SD entered.
2020-02-17 20:40:56.064 -   Updating weapon text.
2020-02-17 20:40:56.597 - TP_W:SD entered.
2020-02-17 20:40:56.598 -   Updating weapon text.
2020-02-17 20:40:57.264 - TP_W:SD entered.
2020-02-17 20:40:57.264 -   Updating weapon text.
2020-02-17 20:40:58.948 - TP_W:SD entered.
2020-02-17 20:40:58.948 -   Updating weapon text.
2020-02-17 20:41:01.149 - TP_W:SD entered.
2020-02-17 20:41:01.149 -   Updating weapon text.
2020-02-17 20:41:01.448 - TP_W:SD entered.
2020-02-17 20:41:01.448 -   Updating weapon text.
2020-02-17 20:41:01.631 - TP_W:SD entered.
2020-02-17 20:41:01.631 -   Updating weapon text.
2020-02-17 20:41:22.449 - TP_W:SD entered.
2020-02-17 20:41:22.449 -   Updating weapon text.
2020-02-17 20:41:56.414 - TP_W:SD entered.
2020-02-17 20:41:56.414 -   Updating weapon text.
2020-02-17 20:42:14.313 - TP_W:SD entered.
2020-02-17 20:42:14.313 -   Updating weapon text.
2020-02-17 20:42:22.947 - TP_W:SD entered.
2020-02-17 20:42:22.947 -   Updating weapon text.
2020-02-17 20:42:38.599 - TP_W:SD entered.
2020-02-17 20:42:38.599 -   Updating weapon text.
2020-02-17 20:42:39.842 - TP_W:SD entered.
2020-02-17 20:42:39.842 -   Updating weapon text.
2020-02-17 20:42:41.297 - TP_W:SD entered.
2020-02-17 20:42:41.297 -   Updating weapon text.
2020-02-17 20:42:41.998 - TP_W:SD entered.
2020-02-17 20:42:41.998 -   Updating weapon text.
2020-02-17 20:42:43.631 - TP_W:SD entered.
2020-02-17 20:42:43.631 -   Updating weapon text.
2020-02-17 20:42:44.264 - TP_W:SD entered.
2020-02-17 20:42:44.264 -   Updating weapon text.
2020-02-17 20:42:45.397 - TP_W:SD entered.
2020-02-17 20:42:45.398 -   Updating weapon text.
2020-02-17 20:42:45.439 - TP_W:SD entered.
2020-02-17 20:42:45.439 -   Updating weapon text.
2020-02-17 20:42:56.331 - TP_W:SD entered.
2020-02-17 20:42:56.331 -   Updating weapon text.
2020-02-17 20:42:57.330 - TP_W:SD entered.
2020-02-17 20:42:57.330 -   Updating weapon text.
2020-02-17 20:43:04.597 - TP_W:SD entered.
2020-02-17 20:43:04.597 -   Updating weapon text.
2020-02-17 20:43:18.230 - TP_W:SD entered.
2020-02-17 20:43:18.230 -   Updating weapon text.
2020-02-17 20:43:23.347 - TP_W:SD entered.
2020-02-17 20:43:23.347 -   Updating weapon text.
2020-02-17 20:43:39.481 - TP_W:SD entered.
2020-02-17 20:43:39.481 -   Updating weapon text.
2020-02-17 20:43:40.147 - TP_W:SD entered.
2020-02-17 20:43:40.147 -   Updating weapon text.
2020-02-17 20:43:40.214 - TP_W:SD entered.
2020-02-17 20:43:40.214 -   Updating weapon text.
2020-02-17 20:43:40.901 - TP_W:SD entered.
2020-02-17 20:43:40.901 -   Updating weapon text.
2020-02-17 20:43:42.731 - TP_W:SD entered.
2020-02-17 20:43:42.731 -   Updating weapon text.
2020-02-17 20:43:43.064 - TP_W:SD entered.
2020-02-17 20:43:43.064 -   Updating weapon text.
2020-02-17 20:43:44.431 - TP_W:SD entered.
2020-02-17 20:43:44.431 -   Updating weapon text.
2020-02-17 20:43:45.414 - TP_W:SD entered.
2020-02-17 20:43:45.414 -   Updating weapon text.
2020-02-17 20:43:45.847 - TP_W:SD entered.
2020-02-17 20:43:45.847 -   Updating weapon text.
2020-02-17 20:43:47.414 - TP_W:SD entered.
2020-02-17 20:43:47.414 -   Updating weapon text.
2020-02-17 20:44:09.797 - TP_W:SD entered.
2020-02-17 20:44:09.797 -   Updating weapon text.
2020-02-17 20:44:10.130 - TP_W:SD entered.
2020-02-17 20:44:10.130 -   Updating weapon text.
2020-02-17 20:44:15.531 - TP_W:SD entered.
2020-02-17 20:44:15.531 -   Updating weapon text.
2020-02-17 20:44:22.081 - TP_W:SD entered.
2020-02-17 20:44:22.081 -   Updating weapon text.
2020-02-17 20:44:32.984 - SGNB:OC - button clicked for ID: SHIP
2020-02-17 20:44:33.030 - SG_S_S:RBP entered with button:(ShopTypeSystem)
2020-02-17 20:44:33.038 - SG_S_S:RBP entered with button:(FilterAll)
2020-02-17 20:44:33.043 - SG_S_S:RBP entered with button:(FilterAll)
2020-02-17 20:44:33.187 - DEBUG - calling SetQueuedUIActivationID!
2020-02-17 20:44:33.375 - SG_S_S:RBP entered with button:(ShopTypeSystem)
2020-02-17 20:44:33.551 - SG_S_S:RBP entered with button:(FilterAll)
2020-02-17 20:44:36.529 - TP_W:SD entered.
2020-02-17 20:44:36.529 -   Updating weapon text.
2020-02-17 20:44:36.662 - TP_W:SD entered.
2020-02-17 20:44:36.662 -   Updating weapon text.
2020-02-17 20:44:37.062 - TP_W:SD entered.
2020-02-17 20:44:37.062 -   Updating weapon text.
2020-02-17 20:44:37.862 - TP_W:SD entered.
2020-02-17 20:44:37.862 -   Updating weapon text.
2020-02-17 20:44:37.878 - TP_W:SD entered.
2020-02-17 20:44:37.879 -   Updating weapon text.
2020-02-17 20:44:37.911 - TP_W:SD entered.
2020-02-17 20:44:37.911 -   Updating weapon text.
2020-02-17 20:44:39.145 - SG_S_S:RBP entered with button:(Capitalism)
2020-02-17 20:44:39.145 - SG_S_S:RBP - processing a purchase.
2020-02-17 20:44:39.145 - SG_S_S:RBP - maxCanPurchase:10 = funds:2604600 / price:237600.
2020-02-17 20:44:39.145 - SG_S_S:RBP - maxCanPurchase:10 controllerQuantity:2 -> popupQuantity:2.
2020-02-17 20:44:39.161 - SG_S_MPP:R entered.
2020-02-17 20:44:39.161 - SG_S_MPP:R   value:237600 = costPerUnit:237600 x quantityBeingSold:1.
2020-02-17 20:44:40.611 - SG_S_MPP:RCP entered.
2020-02-17 20:44:40.611 -   MAX newQuantity = maxYouCanSell:2
2020-02-17 20:44:40.612 - SG_S_MPP:R entered.
2020-02-17 20:44:40.612 - SG_S_MPP:R   value:475200 = costPerUnit:237600 x quantityBeingSold:2.
2020-02-17 20:44:41.578 - SG_S_MPP:RCP entered.
2020-02-17 20:44:41.579 - BH:BMI entered.
2020-02-17 20:44:41.579 - BH:BMI - itemPrice:237600 for purchaseType:Special
2020-02-17 20:44:41.579 - BH:BMI - Store count below 1, removing!
2020-02-17 20:44:41.580 - BH:BMI - Reduced store count by 2 to 0!
2020-02-17 20:44:41.584 - BH:BMI - Reducing funds by -237600 and adding 1 of Weapon_LRM_LRM15_0-STOCK
2020-02-17 20:44:41.584 - BH:BMI - reducing shop inventory by 1 to 1
2020-02-17 20:44:41.588 - BH:BMI - Reducing funds by -237600 and adding 1 of Weapon_LRM_LRM15_0-STOCK
2020-02-17 20:44:41.588 - BH:BMI - shop inventory below 1, removing!
2020-02-17 20:44:41.655 - BH:BMI - Updating all money spots
2020-02-17 20:44:41.656 - BH:BMI - triggering iron man save
2020-02-17 20:44:41.659 - SG_S_MPP:R entered.
2020-02-17 20:44:41.659 - SG_S_MPP:R   value:475200 = costPerUnit:237600 x quantityBeingSold:2.
2020-02-17 20:44:41.912 - TP_W:SD entered.
2020-02-17 20:44:41.912 -   Updating weapon text.
2020-02-17 20:44:42.095 - TP_W:SD entered.
2020-02-17 20:44:42.095 -   Updating weapon text.
2020-02-17 20:44:42.328 - TP_W:SD entered.
2020-02-17 20:44:42.328 -   Updating weapon text.
2020-02-17 20:44:42.853 - TP_W:SD entered.
2020-02-17 20:44:42.853 -   Updating weapon text.
2020-02-17 20:44:45.825 - SGNB:OC - button clicked for ID: NAVIGATION
2020-02-17 20:44:45.825 - DEBUG - calling SetQueuedUIActivationID!
2020-02-17 20:44:51.489 - SGNB:OC - button clicked for ID: CMD_CENTER
2020-02-17 20:44:51.489 - DEBUG - calling SetQueuedUIActivationID!
