Levels :Spam True :Debug True :Info True :Warn True
[Info] Harmony? 1.2.0.1
[Info] Unity? 2018.4.2f1
[Info] Product? BATTLETECH-1.8.1-640R
[Info] ModTek? 0.7.6.12
[Info] Initialized com.github.m22spencer.BattletechPerformanceFix 2.12.0.29434
[Info] Mod-Dir? C:\Program Files (x86)\Steam\steamapps\common\BATTLETECH\Mods\BattletechPerformanceFix
[Info] BattletechPerformanceFix found BattleTech 1.8.1 and will now load
[Info] Features ----------
[Info] Feature MechlabFix is ON
[Info] Feature LoadFixes is ON
[Info] Feature NoSalvageSoftlock is ON
[Info] Feature DataLoaderGetEntryCheck is ON
[Info] Feature ShopTabLagFix is ON
[Info] Feature ContractLagFix is ON
[Info] Feature EnableLoggingDuringLoads is ON
[Info] Feature ExtraLogging is ON
[Info] Feature ShaderDependencyOverride is ON
[Info] Feature DisableDeployAudio is OFF
[Info] Feature RemovedFlashpointFix is ON
[Info] Feature DisableSimAnimations is OFF
[Info] Feature RemovedContractsFix is ON
[Info] Patches ----------
[Info] Feature MechlabFix:
[Info] Patch: AAR_SalvageScreen.BeginSalvageScreen -> MechlabFix.BeginSalvageScreen_Pre
[Info] Patch: MechLabPanel.PopulateInventory -> MechlabFix.PopulateInventory_Pre
[Info] Patch: MechLabPanel.ConfirmRevertMech -> MechlabFix.ConfirmRevertMech_Pre
[Info] Patch: MechLabPanel.ExitMechLab -> MechlabFix.ExitMechLab_Pre
[Info] Patch: ScrollRect.LateUpdate -> MechlabFix.LateUpdate_Pre
[Info] Patch: MechLabInventoryWidget.OnAddItem -> MechlabFix.OnAddItem_Pre
[Info] Patch: MechLabInventoryWidget.OnRemoveItem -> MechlabFix.OnRemoveItem_Pre
[Info] Patch: MechLabInventoryWidget.OnItemGrab -> MechlabFix.OnItemGrab_Pre
[Info] Patch: MechLabInventoryWidget.ApplyFiltering -> MechlabFix.ApplyFiltering_Pre
[Info] Patch: MechLabPanel.MechCanEquipItem -> MechlabFix.MechCanEquipItem_Pre
[Info] Patch: MechLabInventoryWidget.ApplySorting -> MechlabFix.ApplySorting_Pre
[Info] Feature LoadFixes:
[Spam] CheckPatch is NYI
[Info] Feature NoSalvageSoftlock:
[Spam] CheckPatch is NYI
[Info] Feature DataLoaderGetEntryCheck:
[Spam] CheckPatch is NYI
[Info] Feature ShopTabLagFix:
[Spam] CheckPatch is NYI
[Spam] CheckPatch is NYI
[Info] Feature ContractLagFix:
[Debug] EncounterLayerData ctors 1
[Info] Feature EnableLoggingDuringLoads:
[Info] Feature ExtraLogging:
[Info] Patch: LanceOverride.RequestLance -> ExtraLogging.RequestLance_Pre
[Info] Patch: SimGameState.PrepContract -> ExtraLogging.PrepContract_Pre
[Info] Patch: SimGameState.PrepContract -> ExtraLogging.PrepContract_Post
[Info] Patch: LanceSpawnerGameLogic.InitializeTaggedLance -> ExtraLogging.InitializeTaggedLance_Pre
[Info] Feature ShaderDependencyOverride:
[Info] Patch: AssetBundleManager.IsBundleLoaded -> ShaderDependencyOverride.GetManager
[Info] Patch: AssetBundleManager.GenerateWebRequest -> ShaderDependencyOverride.GetManager
[Info] Patch: AssetBundleManager.IsBundleLoaded -> ShaderDependencyOverride.WithShaderDeps
[Info] Patch: AssetBundleManager.GenerateWebRequest -> ShaderDependencyOverride.WithShaderDeps
[Info] Feature RemovedFlashpointFix:
[Info] Patch: SimGameState.Rehydrate -> RemovedFlashpointFix.Rehydrate_Pre
[Info] Feature RemovedContractsFix:
[Info] Patch: SimGameState.Rehydrate -> RemovedContractsFix.Rehydrate_Pre
[Info] Runtime ----------
[Info] Patch out sensitive data log dumps
[Info] LogLevel info
Levels :Spam False :Debug False :Info True :Warn True
[Info] (CL) SimGameState::PrepContract(pre) :contract.Name Capture the Argo :contract.Difficulty 3 :GetDifficulty 0 :GlobalDifficulty 4 :ContractDifficultyVariance 1
[Info] (CL) SimGameState::PrepContract(post) :contract.Name Capture the Argo :contract.Difficulty 5 :contract.Override.finalDifficulty 5 :UIDifficulty 5
[Info] (CL) SimGameState::PrepContract(pre) :contract.Name Liberation of Weldry :contract.Difficulty 5 :GetDifficulty 0 :GlobalDifficulty 4 :ContractDifficultyVariance 1
[Info] (CL) SimGameState::PrepContract(post) :contract.Name Liberation of Weldry :contract.Difficulty 4 :contract.Override.finalDifficulty 4 :UIDifficulty 4
[Info] (CL) SimGameState::PrepContract(pre) :contract.Name Liberate: Panzyr :contract.Difficulty 4 :GetDifficulty 0 :GlobalDifficulty 4 :ContractDifficultyVariance 1
[Info] (CL) SimGameState::PrepContract(post) :contract.Name Liberate: Panzyr :contract.Difficulty 5 :contract.Override.finalDifficulty 5 :UIDifficulty 5
[Info] (CL) SimGameState::PrepContract(pre) :contract.Name Manufacturing Facility :contract.Difficulty 4 :GetDifficulty 0 :GlobalDifficulty 4 :ContractDifficultyVariance 2
[Info] (CL) SimGameState::PrepContract(post) :contract.Name Manufacturing Facility :contract.Difficulty 4 :contract.Override.finalDifficulty 4 :UIDifficulty 4
[Info] (CL) SimGameState::PrepContract(pre) :contract.Name Clean Out The Mercs :contract.Difficulty 6 :GetDifficulty 0 :GlobalDifficulty 4 :ContractDifficultyVariance 2
[Info] (CL) SimGameState::PrepContract(post) :contract.Name Clean Out The Mercs :contract.Difficulty 6 :contract.Override.finalDifficulty 6 :UIDifficulty 6
[Info] (CL) SimGameState::PrepContract(pre) :contract.Name Incomplete Intelligence :contract.Difficulty 6 :GetDifficulty 0 :GlobalDifficulty 4 :ContractDifficultyVariance 2
[Info] (CL) SimGameState::PrepContract(post) :contract.Name Incomplete Intelligence :contract.Difficulty 6 :contract.Override.finalDifficulty 6 :UIDifficulty 6
[Info] (CL) SimGameState::PrepContract(pre) :contract.Name Dead or Alive :contract.Difficulty 2 :GetDifficulty 0 :GlobalDifficulty 4 :ContractDifficultyVariance 2
[Info] (CL) SimGameState::PrepContract(post) :contract.Name Dead or Alive :contract.Difficulty 2 :contract.Override.finalDifficulty 2 :UIDifficulty 2
[Info] (CL) SimGameState::PrepContract(pre) :contract.Name Clash of Titans :contract.Difficulty 6 :GetDifficulty 0 :GlobalDifficulty 4 :ContractDifficultyVariance 2
[Info] (CL) SimGameState::PrepContract(post) :contract.Name Clash of Titans :contract.Difficulty 6 :contract.Override.finalDifficulty 6 :UIDifficulty 6
[Info] (CL) SimGameState::PrepContract(pre) :contract.Name Repossession :contract.Difficulty 5 :GetDifficulty 0 :GlobalDifficulty 4 :ContractDifficultyVariance 2
[Info] (CL) SimGameState::PrepContract(post) :contract.Name Repossession :contract.Difficulty 5 :contract.Override.finalDifficulty 5 :UIDifficulty 5
[Info] (CL) SimGameState::PrepContract(pre) :contract.Name Hot Landing :contract.Difficulty 4 :GetDifficulty 0 :GlobalDifficulty 4 :ContractDifficultyVariance 2
[Info] (CL) SimGameState::PrepContract(post) :contract.Name Hot Landing :contract.Difficulty 4 :contract.Override.finalDifficulty 4 :UIDifficulty 4
[Info] (CL) SimGameState::PrepContract(pre) :contract.Name Take the Bait :contract.Difficulty 5 :GetDifficulty 0 :GlobalDifficulty 4 :ContractDifficultyVariance 2
[Info] (CL) SimGameState::PrepContract(post) :contract.Name Take the Bait :contract.Difficulty 5 :contract.Override.finalDifficulty 5 :UIDifficulty 6
[Info] Sorted in 3.6225 ms
[Info] Sorted in 1.6179 ms
[Info] Filter took 6.7484 ms and resulted in 108 -> 68 items
[Info] Sorted in 2.5476 ms
[Info] Sorted in 1.6556 ms
[Info] Filter took 4.4719 ms and resulted in 108 -> 68 items
[Info] Sorted in 1.7369 ms
[Info] Filter took 2.9491 ms and resulted in 108 -> 38 items
[Info] Sorted in 1.5504 ms
[Info] Filter took 2.4638 ms and resulted in 107 -> 37 items
[Info] Sorted in 2.4703 ms
[Info] Sorted in 119.9439 ms
[Info] Filter took 120.8559 ms and resulted in 108 -> 38 items
[Info] Sorted in 1.5641 ms
[Info] Filter took 2.4261 ms and resulted in 108 -> 38 items
[Info] Sorted in 1.4941 ms
[Info] Filter took 2.3315 ms and resulted in 108 -> 38 items
[Info] Sorted in 1.5502 ms
[Info] Filter took 2.4653 ms and resulted in 107 -> 37 items
[Info] Sorted in 2.5119 ms
[Info] Sorted in 1.6508 ms
[Info] Filter took 4.4855 ms and resulted in 108 -> 68 items
[Info] Sorted in 2.5218 ms
[Info] Sorted in 1.644 ms
[Info] Filter took 4.5203 ms and resulted in 108 -> 68 items
[Info] Sorted in 2.522 ms
[Info] Sorted in 1.7036 ms
[Info] Filter took 4.6009 ms and resulted in 108 -> 68 items
[Info] Sorted in 1.7814 ms
[Info] Filter took 2.7474 ms and resulted in 108 -> 38 items
[Info] Sorted in 1.5282 ms
[Info] Filter took 2.4489 ms and resulted in 107 -> 37 items
[Info] Sorted in 1.5302 ms
[Info] Filter took 2.4128 ms and resulted in 106 -> 36 items
[Info] Sorted in 1.5466 ms
[Info] Filter took 2.4333 ms and resulted in 106 -> 36 items
[Info] Sorted in 1.5022 ms
[Info] Filter took 2.3649 ms and resulted in 105 -> 35 items
[Info] Sorted in 1.5136 ms
[Info] Filter took 2.3714 ms and resulted in 104 -> 34 items
[Info] Sorted in 2.2249 ms
[Info] Sorted in 1.4588 ms
[Info] Filter took 2.3003 ms and resulted in 105 -> 35 items
[Info] Sorted in 1.484 ms
[Info] Filter took 2.2751 ms and resulted in 105 -> 35 items
[Info] Sorted in 1.4827 ms
[Info] Filter took 2.2942 ms and resulted in 105 -> 35 items
[Info] Sorted in 1.4737 ms
[Info] Filter took 2.3264 ms and resulted in 104 -> 34 items
[Info] Sorted in 1.604 ms
[Info] Sorted in 1.4754 ms
[Info] Filter took 2.2897 ms and resulted in 105 -> 35 items
[Info] Sorted in 1.4594 ms
[Info] Filter took 2.261 ms and resulted in 105 -> 35 items
[Info] Sorted in 1.447 ms
[Info] Filter took 2.2653 ms and resulted in 105 -> 35 items
[Info] Sorted in 1.4688 ms
[Info] Filter took 2.3179 ms and resulted in 104 -> 34 items
[Info] Sorted in 1.587 ms
[Info] Sorted in 1.4684 ms
[Info] Filter took 2.3094 ms and resulted in 105 -> 35 items
[Info] Sorted in 1.4565 ms
[Info] Filter took 2.2455 ms and resulted in 105 -> 35 items
[Info] Sorted in 1.4743 ms
[Info] Filter took 2.2789 ms and resulted in 105 -> 35 items
[Info] Sorted in 1.4864 ms
[Info] Filter took 2.3508 ms and resulted in 104 -> 34 items
[Info] Sorted in 1.5998 ms
[Info] Sorted in 1.4841 ms
[Info] Filter took 2.3361 ms and resulted in 105 -> 35 items
[Info] Sorted in 1.4692 ms
[Info] Filter took 2.288 ms and resulted in 105 -> 35 items
[Info] Sorted in 1.5258 ms
[Info] Filter took 2.3277 ms and resulted in 105 -> 35 items
[Info] Sorted in 1.525 ms
[Info] Filter took 2.4003 ms and resulted in 105 -> 35 items
[Info] Sorted in 1.6129 ms
[Info] Sorted in 1.4972 ms
[Info] Filter took 2.3395 ms and resulted in 106 -> 36 items
[Info] Sorted in 1.458 ms
[Info] Filter took 2.2587 ms and resulted in 106 -> 36 items
[Info] Sorted in 1.5042 ms
[Info] Filter took 2.3178 ms and resulted in 106 -> 36 items
[Info] Sorted in 1.5205 ms
[Info] Filter took 2.3915 ms and resulted in 106 -> 36 items
[Info] Sorted in 1.6011 ms
[Info] Filter took 2.5016 ms and resulted in 106 -> 36 items
[Info] Sorted in 1.5743 ms
[Info] Filter took 2.4767 ms and resulted in 106 -> 36 items
[Info] Sorted in 1.5456 ms
[Info] Filter took 2.4508 ms and resulted in 106 -> 36 items
[Info] Sorted in 1.5843 ms
[Info] Filter took 2.4697 ms and resulted in 106 -> 36 items
[Info] Sorted in 1.5547 ms
[Info] Filter took 2.425 ms and resulted in 106 -> 36 items
[Info] Sorted in 1.6028 ms
[Info] Filter took 2.7353 ms and resulted in 106 -> 68 items
[Info] Sorted in 1.6029 ms
[Info] Filter took 2.4993 ms and resulted in 106 -> 36 items
[Info] Sorted in 1.6303 ms
[Info] Filter took 2.0401 ms and resulted in 106 -> 1 items
[Info] Sorted in 1.5288 ms
[Info] Filter took 1.9118 ms and resulted in 106 -> 1 items
[Info] Sorted in 2.3701 ms
[Info] Sorted in 1.5852 ms
[Info] Filter took 4.4483 ms and resulted in 107 -> 68 items
[Info] Sorted in 1.6262 ms
[Info] Filter took 4.3048 ms and resulted in 107 -> 36 items
[Info] Sorted in 1.5542 ms
[Info] Filter took 4.2263 ms and resulted in 107 -> 36 items
[Info] Sorted in 1.6558 ms
[Info] Filter took 4.4097 ms and resulted in 107 -> 36 items
[Info] Sorted in 1.5407 ms
[Info] Filter took 4.1959 ms and resulted in 107 -> 36 items
[Info] Sorted in 1.5435 ms
[Info] Filter took 4.1936 ms and resulted in 107 -> 36 items
[Info] Sorted in 1.547 ms
[Info] Filter took 4.1987 ms and resulted in 106 -> 35 items
[Info] Sorted in 1.6184 ms
[Info] Filter took 2.1968 ms and resulted in 106 -> 13 items
[Info] Sorted in 1.6213 ms
[Info] Filter took 4.019 ms and resulted in 106 -> 21 items
[Info] Sorted in 1.5084 ms
[Info] Filter took 3.9636 ms and resulted in 105 -> 20 items
[Info] Sorted in 1.5361 ms
[Info] Filter took 3.9786 ms and resulted in 104 -> 19 items
[Info] Sorted in 1.5559 ms
[Info] Sorted in 1.5172 ms
[Info] Filter took 3.9138 ms and resulted in 105 -> 20 items
[Info] Sorted in 1.4941 ms
[Info] Filter took 3.9614 ms and resulted in 105 -> 20 items
[Info] Sorted in 1.5289 ms
[Info] Filter took 4.042 ms and resulted in 105 -> 20 items
[Info] Sorted in 1.4975 ms
[Info] Filter took 3.9142 ms and resulted in 104 -> 19 items
[Info] Sorted in 2.4564 ms
[Info] Sorted in 1.5656 ms
[Info] Filter took 4.5499 ms and resulted in 105 -> 68 items
[Info] Sorted in 1.6184 ms
[Info] Filter took 4.2604 ms and resulted in 105 -> 34 items
[Info] Sorted in 1.5074 ms
[Info] Filter took 4.1304 ms and resulted in 105 -> 34 items
[Info] Sorted in 1.5062 ms
[Info] Filter took 4.1213 ms and resulted in 104 -> 33 items
[Info] Sorted in 1.5031 ms
[Info] Filter took 4.1049 ms and resulted in 103 -> 32 items
[Info] Sorted in 1.478 ms
[Info] Filter took 4.0832 ms and resulted in 102 -> 31 items
[Info] Sorted in 1.7653 ms
[Info] Sorted in 1.463 ms
[Info] Filter took 4.0668 ms and resulted in 103 -> 32 items
[Info] Sorted in 1.4268 ms
[Info] Filter took 4.1206 ms and resulted in 103 -> 32 items
[Info] Sorted in 1.4712 ms
[Info] Filter took 4.1844 ms and resulted in 103 -> 32 items
[Info] Sorted in 150.516 ms
[Info] Filter took 152.0193 ms and resulted in 103 -> 68 items
[Info] Sorted in 1.5544 ms
[Info] Filter took 2.188 ms and resulted in 103 -> 21 items
[Info] Sorted in 1.5764 ms
[Info] Filter took 4.2113 ms and resulted in 103 -> 32 items
[Info] Sorted in 1.5798 ms
[Info] Filter took 3.9896 ms and resulted in 103 -> 19 items
[Info] Sorted in 1.683 ms
[Info] Filter took 2.8385 ms and resulted in 103 -> 68 items
[Info] Sorted in 1.595 ms
[Info] Filter took 2.2493 ms and resulted in 103 -> 21 items
[Info] Sorted in 1.5121 ms
[Info] Filter took 2.116 ms and resulted in 102 -> 20 items
[Info] Sorted in 2.3915 ms
[Info] Sorted in 1.4955 ms
[Info] Filter took 4.3757 ms and resulted in 104 -> 67 items
[Info] Sorted in 1.5473 ms
[Info] Filter took 2.443 ms and resulted in 104 -> 35 items
[Info] Sorted in 1.575 ms
[Info] Filter took 2.1705 ms and resulted in 104 -> 14 items
[Info] Sorted in 1.4398 ms
[Info] Filter took 1.9812 ms and resulted in 103 -> 13 items
[Info] Sorted in 2.2643 ms
[Info] Sorted in 1.5809 ms
[Info] Filter took 4.5382 ms and resulted in 105 -> 67 items
[Info] Sorted in 1.5924 ms
[Info] Filter took 4.2635 ms and resulted in 105 -> 35 items
[Info] Sorted in 1.6037 ms
[Info] Filter took 2.2034 ms and resulted in 105 -> 14 items
[Info] Sorted in 2.2309 ms
[Info] Sorted in 1.5624 ms
[Info] Filter took 5.1832 ms and resulted in 105 -> 67 items
