Initing... C:\Program Files (x86)\Steam\steamapps\common\BATTLETECH\Mods\CustomActivatableEquipment version: 0.0.0.61
VFXPhysics->VFXPhysics ignore collisions:True
VFXPhysics->Terrain ignore collisions:False
VFXPhysics->Utility ignore collisions:True
VFXPhysics->Obstruction ignore collisions:True
VFXPhysics->Combatant ignore collisions:False
VFXPhysics->VFXOnly ignore collisions:False
VFXPhysics->Decal ignore collisions:True
VFXPhysics->Light ignore collisions:True
VFXPhysics->World ignore collisions:True
VFXPhysics->UI_InWorld ignore collisions:True
VFXPhysics->UI_IgnoreMouseEvents ignore collisions:True
VFXPhysics->Characters ignore collisions:False
VFXPhysics->Space ignore collisions:True
VFXPhysics->Road ignore collisions:True
VFXPhysics->VFXPhysicsActive ignore collisions:True
VFXPhysics->Reflector ignore collisions:True
VFXPhysics->Head ignore collisions:True
VFXPhysics->Starmap ignore collisions:True
VFXPhysics->NoCollision ignore collisions:True
VFXPhysics->NewTerrain ignore collisions:False
VFXPhysics->ForceMouseEvents ignore collisions:True
VFXPhysics-> ignore collisions:False
VFXPhysics-> ignore collisions:False
VFXPhysics-> ignore collisions:False
Terrain->VFXPhysics ignore collisions:False
Terrain->Terrain ignore collisions:False
Terrain->Utility ignore collisions:False
Terrain->Obstruction ignore collisions:False
Terrain->Combatant ignore collisions:False
Terrain->VFXOnly ignore collisions:True
Terrain->Decal ignore collisions:False
Terrain->Light ignore collisions:False
Terrain->World ignore collisions:False
Terrain->UI_InWorld ignore collisions:False
Terrain->UI_IgnoreMouseEvents ignore collisions:False
Terrain->Characters ignore collisions:False
Terrain->Space ignore collisions:False
Terrain->Road ignore collisions:False
Terrain->VFXPhysicsActive ignore collisions:False
Terrain->Reflector ignore collisions:False
Terrain->Head ignore collisions:False
Terrain->Starmap ignore collisions:False
Terrain->NoCollision ignore collisions:True
Terrain->NewTerrain ignore collisions:False
Terrain->ForceMouseEvents ignore collisions:True
Terrain-> ignore collisions:False
Terrain-> ignore collisions:False
Terrain-> ignore collisions:False
Utility->VFXPhysics ignore collisions:True
Utility->Terrain ignore collisions:False
Utility->Utility ignore collisions:False
Utility->Obstruction ignore collisions:False
Utility->Combatant ignore collisions:False
Utility->VFXOnly ignore collisions:True
Utility->Decal ignore collisions:False
Utility->Light ignore collisions:False
Utility->World ignore collisions:False
Utility->UI_InWorld ignore collisions:False
Utility->UI_IgnoreMouseEvents ignore collisions:False
Utility->Characters ignore collisions:False
Utility->Space ignore collisions:False
Utility->Road ignore collisions:False
Utility->VFXPhysicsActive ignore collisions:True
Utility->Reflector ignore collisions:False
Utility->Head ignore collisions:False
Utility->Starmap ignore collisions:False
Utility->NoCollision ignore collisions:True
Utility->NewTerrain ignore collisions:False
Utility->ForceMouseEvents ignore collisions:True
Utility-> ignore collisions:False
Utility-> ignore collisions:False
Utility-> ignore collisions:False
Obstruction->VFXPhysics ignore collisions:True
Obstruction->Terrain ignore collisions:False
Obstruction->Utility ignore collisions:False
Obstruction->Obstruction ignore collisions:False
Obstruction->Combatant ignore collisions:False
Obstruction->VFXOnly ignore collisions:True
Obstruction->Decal ignore collisions:False
Obstruction->Light ignore collisions:False
Obstruction->World ignore collisions:False
Obstruction->UI_InWorld ignore collisions:False
Obstruction->UI_IgnoreMouseEvents ignore collisions:False
Obstruction->Characters ignore collisions:False
Obstruction->Space ignore collisions:False
Obstruction->Road ignore collisions:False
Obstruction->VFXPhysicsActive ignore collisions:False
Obstruction->Reflector ignore collisions:False
Obstruction->Head ignore collisions:False
Obstruction->Starmap ignore collisions:False
Obstruction->NoCollision ignore collisions:True
Obstruction->NewTerrain ignore collisions:False
Obstruction->ForceMouseEvents ignore collisions:True
Obstruction-> ignore collisions:False
Obstruction-> ignore collisions:False
Obstruction-> ignore collisions:False
Combatant->VFXPhysics ignore collisions:False
Combatant->Terrain ignore collisions:False
Combatant->Utility ignore collisions:False
Combatant->Obstruction ignore collisions:False
Combatant->Combatant ignore collisions:False
Combatant->VFXOnly ignore collisions:True
Combatant->Decal ignore collisions:False
Combatant->Light ignore collisions:False
Combatant->World ignore collisions:False
Combatant->UI_InWorld ignore collisions:False
Combatant->UI_IgnoreMouseEvents ignore collisions:False
Combatant->Characters ignore collisions:False
Combatant->Space ignore collisions:False
Combatant->Road ignore collisions:False
Combatant->VFXPhysicsActive ignore collisions:True
Combatant->Reflector ignore collisions:False
Combatant->Head ignore collisions:False
Combatant->Starmap ignore collisions:False
Combatant->NoCollision ignore collisions:True
Combatant->NewTerrain ignore collisions:False
Combatant->ForceMouseEvents ignore collisions:True
Combatant-> ignore collisions:False
Combatant-> ignore collisions:False
Combatant-> ignore collisions:False
VFXOnly->VFXPhysics ignore collisions:False
VFXOnly->Terrain ignore collisions:True
VFXOnly->Utility ignore collisions:True
VFXOnly->Obstruction ignore collisions:True
VFXOnly->Combatant ignore collisions:True
VFXOnly->VFXOnly ignore collisions:True
VFXOnly->Decal ignore collisions:False
VFXOnly->Light ignore collisions:False
VFXOnly->World ignore collisions:False
VFXOnly->UI_InWorld ignore collisions:False
VFXOnly->UI_IgnoreMouseEvents ignore collisions:False
VFXOnly->Characters ignore collisions:False
VFXOnly->Space ignore collisions:False
VFXOnly->Road ignore collisions:False
VFXOnly->VFXPhysicsActive ignore collisions:True
VFXOnly->Reflector ignore collisions:False
VFXOnly->Head ignore collisions:False
VFXOnly->Starmap ignore collisions:False
VFXOnly->NoCollision ignore collisions:True
VFXOnly->NewTerrain ignore collisions:False
VFXOnly->ForceMouseEvents ignore collisions:True
VFXOnly-> ignore collisions:False
VFXOnly-> ignore collisions:False
VFXOnly-> ignore collisions:False
Decal->VFXPhysics ignore collisions:True
Decal->Terrain ignore collisions:False
Decal->Utility ignore collisions:False
Decal->Obstruction ignore collisions:False
Decal->Combatant ignore collisions:False
Decal->VFXOnly ignore collisions:False
Decal->Decal ignore collisions:False
Decal->Light ignore collisions:False
Decal->World ignore collisions:False
Decal->UI_InWorld ignore collisions:False
Decal->UI_IgnoreMouseEvents ignore collisions:False
Decal->Characters ignore collisions:False
Decal->Space ignore collisions:False
Decal->Road ignore collisions:False
Decal->VFXPhysicsActive ignore collisions:True
Decal->Reflector ignore collisions:False
Decal->Head ignore collisions:False
Decal->Starmap ignore collisions:False
Decal->NoCollision ignore collisions:True
Decal->NewTerrain ignore collisions:False
Decal->ForceMouseEvents ignore collisions:True
Decal-> ignore collisions:False
Decal-> ignore collisions:False
Decal-> ignore collisions:False
Light->VFXPhysics ignore collisions:True
Light->Terrain ignore collisions:False
Light->Utility ignore collisions:False
Light->Obstruction ignore collisions:False
Light->Combatant ignore collisions:False
Light->VFXOnly ignore collisions:False
Light->Decal ignore collisions:False
Light->Light ignore collisions:False
Light->World ignore collisions:False
Light->UI_InWorld ignore collisions:False
Light->UI_IgnoreMouseEvents ignore collisions:False
Light->Characters ignore collisions:False
Light->Space ignore collisions:False
Light->Road ignore collisions:False
Light->VFXPhysicsActive ignore collisions:True
Light->Reflector ignore collisions:False
Light->Head ignore collisions:False
Light->Starmap ignore collisions:False
Light->NoCollision ignore collisions:True
Light->NewTerrain ignore collisions:False
Light->ForceMouseEvents ignore collisions:True
Light-> ignore collisions:False
Light-> ignore collisions:False
Light-> ignore collisions:False
World->VFXPhysics ignore collisions:True
World->Terrain ignore collisions:False
World->Utility ignore collisions:False
World->Obstruction ignore collisions:False
World->Combatant ignore collisions:False
World->VFXOnly ignore collisions:False
World->Decal ignore collisions:False
World->Light ignore collisions:False
World->World ignore collisions:False
World->UI_InWorld ignore collisions:False
World->UI_IgnoreMouseEvents ignore collisions:False
World->Characters ignore collisions:False
World->Space ignore collisions:False
World->Road ignore collisions:False
World->VFXPhysicsActive ignore collisions:True
World->Reflector ignore collisions:False
World->Head ignore collisions:False
World->Starmap ignore collisions:False
World->NoCollision ignore collisions:True
World->NewTerrain ignore collisions:False
World->ForceMouseEvents ignore collisions:True
World-> ignore collisions:False
World-> ignore collisions:False
World-> ignore collisions:False
UI_InWorld->VFXPhysics ignore collisions:True
UI_InWorld->Terrain ignore collisions:False
UI_InWorld->Utility ignore collisions:False
UI_InWorld->Obstruction ignore collisions:False
UI_InWorld->Combatant ignore collisions:False
UI_InWorld->VFXOnly ignore collisions:False
UI_InWorld->Decal ignore collisions:False
UI_InWorld->Light ignore collisions:False
UI_InWorld->World ignore collisions:False
UI_InWorld->UI_InWorld ignore collisions:False
UI_InWorld->UI_IgnoreMouseEvents ignore collisions:False
UI_InWorld->Characters ignore collisions:False
UI_InWorld->Space ignore collisions:False
UI_InWorld->Road ignore collisions:False
UI_InWorld->VFXPhysicsActive ignore collisions:True
UI_InWorld->Reflector ignore collisions:False
UI_InWorld->Head ignore collisions:False
UI_InWorld->Starmap ignore collisions:False
UI_InWorld->NoCollision ignore collisions:True
UI_InWorld->NewTerrain ignore collisions:False
UI_InWorld->ForceMouseEvents ignore collisions:True
UI_InWorld-> ignore collisions:False
UI_InWorld-> ignore collisions:False
UI_InWorld-> ignore collisions:False
UI_IgnoreMouseEvents->VFXPhysics ignore collisions:True
UI_IgnoreMouseEvents->Terrain ignore collisions:False
UI_IgnoreMouseEvents->Utility ignore collisions:False
UI_IgnoreMouseEvents->Obstruction ignore collisions:False
UI_IgnoreMouseEvents->Combatant ignore collisions:False
UI_IgnoreMouseEvents->VFXOnly ignore collisions:False
UI_IgnoreMouseEvents->Decal ignore collisions:False
UI_IgnoreMouseEvents->Light ignore collisions:False
UI_IgnoreMouseEvents->World ignore collisions:False
UI_IgnoreMouseEvents->UI_InWorld ignore collisions:False
UI_IgnoreMouseEvents->UI_IgnoreMouseEvents ignore collisions:False
UI_IgnoreMouseEvents->Characters ignore collisions:False
UI_IgnoreMouseEvents->Space ignore collisions:False
UI_IgnoreMouseEvents->Road ignore collisions:False
UI_IgnoreMouseEvents->VFXPhysicsActive ignore collisions:True
UI_IgnoreMouseEvents->Reflector ignore collisions:False
UI_IgnoreMouseEvents->Head ignore collisions:False
UI_IgnoreMouseEvents->Starmap ignore collisions:False
UI_IgnoreMouseEvents->NoCollision ignore collisions:True
UI_IgnoreMouseEvents->NewTerrain ignore collisions:False
UI_IgnoreMouseEvents->ForceMouseEvents ignore collisions:True
UI_IgnoreMouseEvents-> ignore collisions:False
UI_IgnoreMouseEvents-> ignore collisions:False
UI_IgnoreMouseEvents-> ignore collisions:False
Characters->VFXPhysics ignore collisions:False
Characters->Terrain ignore collisions:False
Characters->Utility ignore collisions:False
Characters->Obstruction ignore collisions:False
Characters->Combatant ignore collisions:False
Characters->VFXOnly ignore collisions:False
Characters->Decal ignore collisions:False
Characters->Light ignore collisions:False
Characters->World ignore collisions:False
Characters->UI_InWorld ignore collisions:False
Characters->UI_IgnoreMouseEvents ignore collisions:False
Characters->Characters ignore collisions:False
Characters->Space ignore collisions:False
Characters->Road ignore collisions:False
Characters->VFXPhysicsActive ignore collisions:True
Characters->Reflector ignore collisions:False
Characters->Head ignore collisions:False
Characters->Starmap ignore collisions:False
Characters->NoCollision ignore collisions:True
Characters->NewTerrain ignore collisions:False
Characters->ForceMouseEvents ignore collisions:True
Characters-> ignore collisions:False
Characters-> ignore collisions:False
Characters-> ignore collisions:False
Space->VFXPhysics ignore collisions:True
Space->Terrain ignore collisions:False
Space->Utility ignore collisions:False
Space->Obstruction ignore collisions:False
Space->Combatant ignore collisions:False
Space->VFXOnly ignore collisions:False
Space->Decal ignore collisions:False
Space->Light ignore collisions:False
Space->World ignore collisions:False
Space->UI_InWorld ignore collisions:False
Space->UI_IgnoreMouseEvents ignore collisions:False
Space->Characters ignore collisions:False
Space->Space ignore collisions:False
Space->Road ignore collisions:False
Space->VFXPhysicsActive ignore collisions:True
Space->Reflector ignore collisions:False
Space->Head ignore collisions:False
Space->Starmap ignore collisions:False
Space->NoCollision ignore collisions:True
Space->NewTerrain ignore collisions:False
Space->ForceMouseEvents ignore collisions:True
Space-> ignore collisions:False
Space-> ignore collisions:False
Space-> ignore collisions:False
Road->VFXPhysics ignore collisions:True
Road->Terrain ignore collisions:False
Road->Utility ignore collisions:False
Road->Obstruction ignore collisions:False
Road->Combatant ignore collisions:False
Road->VFXOnly ignore collisions:False
Road->Decal ignore collisions:False
Road->Light ignore collisions:False
Road->World ignore collisions:False
Road->UI_InWorld ignore collisions:False
Road->UI_IgnoreMouseEvents ignore collisions:False
Road->Characters ignore collisions:False
Road->Space ignore collisions:False
Road->Road ignore collisions:False
Road->VFXPhysicsActive ignore collisions:True
Road->Reflector ignore collisions:False
Road->Head ignore collisions:False
Road->Starmap ignore collisions:False
Road->NoCollision ignore collisions:True
Road->NewTerrain ignore collisions:False
Road->ForceMouseEvents ignore collisions:True
Road-> ignore collisions:False
Road-> ignore collisions:False
Road-> ignore collisions:False
VFXPhysicsActive->VFXPhysics ignore collisions:True
VFXPhysicsActive->Terrain ignore collisions:False
VFXPhysicsActive->Utility ignore collisions:True
VFXPhysicsActive->Obstruction ignore collisions:False
VFXPhysicsActive->Combatant ignore collisions:True
VFXPhysicsActive->VFXOnly ignore collisions:True
VFXPhysicsActive->Decal ignore collisions:True
VFXPhysicsActive->Light ignore collisions:True
VFXPhysicsActive->World ignore collisions:True
VFXPhysicsActive->UI_InWorld ignore collisions:True
VFXPhysicsActive->UI_IgnoreMouseEvents ignore collisions:True
VFXPhysicsActive->Characters ignore collisions:True
VFXPhysicsActive->Space ignore collisions:True
VFXPhysicsActive->Road ignore collisions:True
VFXPhysicsActive->VFXPhysicsActive ignore collisions:True
VFXPhysicsActive->Reflector ignore collisions:False
VFXPhysicsActive->Head ignore collisions:False
VFXPhysicsActive->Starmap ignore collisions:False
VFXPhysicsActive->NoCollision ignore collisions:True
VFXPhysicsActive->NewTerrain ignore collisions:False
VFXPhysicsActive->ForceMouseEvents ignore collisions:True
VFXPhysicsActive-> ignore collisions:False
VFXPhysicsActive-> ignore collisions:False
VFXPhysicsActive-> ignore collisions:False
Reflector->VFXPhysics ignore collisions:True
Reflector->Terrain ignore collisions:False
Reflector->Utility ignore collisions:False
Reflector->Obstruction ignore collisions:False
Reflector->Combatant ignore collisions:False
Reflector->VFXOnly ignore collisions:False
Reflector->Decal ignore collisions:False
Reflector->Light ignore collisions:False
Reflector->World ignore collisions:False
Reflector->UI_InWorld ignore collisions:False
Reflector->UI_IgnoreMouseEvents ignore collisions:False
Reflector->Characters ignore collisions:False
Reflector->Space ignore collisions:False
Reflector->Road ignore collisions:False
Reflector->VFXPhysicsActive ignore collisions:False
Reflector->Reflector ignore collisions:False
Reflector->Head ignore collisions:False
Reflector->Starmap ignore collisions:False
Reflector->NoCollision ignore collisions:True
Reflector->NewTerrain ignore collisions:False
Reflector->ForceMouseEvents ignore collisions:True
Reflector-> ignore collisions:False
Reflector-> ignore collisions:False
Reflector-> ignore collisions:False
Head->VFXPhysics ignore collisions:True
Head->Terrain ignore collisions:False
Head->Utility ignore collisions:False
Head->Obstruction ignore collisions:False
Head->Combatant ignore collisions:False
Head->VFXOnly ignore collisions:False
Head->Decal ignore collisions:False
Head->Light ignore collisions:False
Head->World ignore collisions:False
Head->UI_InWorld ignore collisions:False
Head->UI_IgnoreMouseEvents ignore collisions:False
Head->Characters ignore collisions:False
Head->Space ignore collisions:False
Head->Road ignore collisions:False
Head->VFXPhysicsActive ignore collisions:False
Head->Reflector ignore collisions:False
Head->Head ignore collisions:False
Head->Starmap ignore collisions:False
Head->NoCollision ignore collisions:True
Head->NewTerrain ignore collisions:False
Head->ForceMouseEvents ignore collisions:True
Head-> ignore collisions:False
Head-> ignore collisions:False
Head-> ignore collisions:False
Starmap->VFXPhysics ignore collisions:True
Starmap->Terrain ignore collisions:False
Starmap->Utility ignore collisions:False
Starmap->Obstruction ignore collisions:False
Starmap->Combatant ignore collisions:False
Starmap->VFXOnly ignore collisions:False
Starmap->Decal ignore collisions:False
Starmap->Light ignore collisions:False
Starmap->World ignore collisions:False
Starmap->UI_InWorld ignore collisions:False
Starmap->UI_IgnoreMouseEvents ignore collisions:False
Starmap->Characters ignore collisions:False
Starmap->Space ignore collisions:False
Starmap->Road ignore collisions:False
Starmap->VFXPhysicsActive ignore collisions:False
Starmap->Reflector ignore collisions:False
Starmap->Head ignore collisions:False
Starmap->Starmap ignore collisions:False
Starmap->NoCollision ignore collisions:True
Starmap->NewTerrain ignore collisions:False
Starmap->ForceMouseEvents ignore collisions:True
Starmap-> ignore collisions:False
Starmap-> ignore collisions:False
Starmap-> ignore collisions:False
NoCollision->VFXPhysics ignore collisions:True
NoCollision->Terrain ignore collisions:True
NoCollision->Utility ignore collisions:True
NoCollision->Obstruction ignore collisions:True
NoCollision->Combatant ignore collisions:True
NoCollision->VFXOnly ignore collisions:True
NoCollision->Decal ignore collisions:True
NoCollision->Light ignore collisions:True
NoCollision->World ignore collisions:True
NoCollision->UI_InWorld ignore collisions:True
NoCollision->UI_IgnoreMouseEvents ignore collisions:True
NoCollision->Characters ignore collisions:True
NoCollision->Space ignore collisions:True
NoCollision->Road ignore collisions:True
NoCollision->VFXPhysicsActive ignore collisions:True
NoCollision->Reflector ignore collisions:True
NoCollision->Head ignore collisions:True
NoCollision->Starmap ignore collisions:True
NoCollision->NoCollision ignore collisions:True
NoCollision->NewTerrain ignore collisions:False
NoCollision->ForceMouseEvents ignore collisions:True
NoCollision-> ignore collisions:False
NoCollision-> ignore collisions:False
NoCollision-> ignore collisions:False
NewTerrain->VFXPhysics ignore collisions:False
NewTerrain->Terrain ignore collisions:False
NewTerrain->Utility ignore collisions:False
NewTerrain->Obstruction ignore collisions:False
NewTerrain->Combatant ignore collisions:False
NewTerrain->VFXOnly ignore collisions:False
NewTerrain->Decal ignore collisions:False
NewTerrain->Light ignore collisions:False
NewTerrain->World ignore collisions:False
NewTerrain->UI_InWorld ignore collisions:False
NewTerrain->UI_IgnoreMouseEvents ignore collisions:False
NewTerrain->Characters ignore collisions:False
NewTerrain->Space ignore collisions:False
NewTerrain->Road ignore collisions:False
NewTerrain->VFXPhysicsActive ignore collisions:False
NewTerrain->Reflector ignore collisions:False
NewTerrain->Head ignore collisions:False
NewTerrain->Starmap ignore collisions:False
NewTerrain->NoCollision ignore collisions:False
NewTerrain->NewTerrain ignore collisions:False
NewTerrain->ForceMouseEvents ignore collisions:True
NewTerrain-> ignore collisions:False
NewTerrain-> ignore collisions:False
NewTerrain-> ignore collisions:False
ForceMouseEvents->VFXPhysics ignore collisions:True
ForceMouseEvents->Terrain ignore collisions:True
ForceMouseEvents->Utility ignore collisions:True
ForceMouseEvents->Obstruction ignore collisions:True
ForceMouseEvents->Combatant ignore collisions:True
ForceMouseEvents->VFXOnly ignore collisions:True
ForceMouseEvents->Decal ignore collisions:True
ForceMouseEvents->Light ignore collisions:True
ForceMouseEvents->World ignore collisions:True
ForceMouseEvents->UI_InWorld ignore collisions:True
ForceMouseEvents->UI_IgnoreMouseEvents ignore collisions:True
ForceMouseEvents->Characters ignore collisions:True
ForceMouseEvents->Space ignore collisions:True
ForceMouseEvents->Road ignore collisions:True
ForceMouseEvents->VFXPhysicsActive ignore collisions:True
ForceMouseEvents->Reflector ignore collisions:True
ForceMouseEvents->Head ignore collisions:True
ForceMouseEvents->Starmap ignore collisions:True
ForceMouseEvents->NoCollision ignore collisions:True
ForceMouseEvents->NewTerrain ignore collisions:True
ForceMouseEvents->ForceMouseEvents ignore collisions:True
ForceMouseEvents-> ignore collisions:False
ForceMouseEvents-> ignore collisions:False
ForceMouseEvents-> ignore collisions:False
->VFXPhysics ignore collisions:False
->Terrain ignore collisions:False
->Utility ignore collisions:False
->Obstruction ignore collisions:False
->Combatant ignore collisions:False
->VFXOnly ignore collisions:False
->Decal ignore collisions:False
->Light ignore collisions:False
->World ignore collisions:False
->UI_InWorld ignore collisions:False
->UI_IgnoreMouseEvents ignore collisions:False
->Characters ignore collisions:False
->Space ignore collisions:False
->Road ignore collisions:False
->VFXPhysicsActive ignore collisions:False
->Reflector ignore collisions:False
->Head ignore collisions:False
->Starmap ignore collisions:False
->NoCollision ignore collisions:False
->NewTerrain ignore collisions:False
->ForceMouseEvents ignore collisions:False
-> ignore collisions:False
-> ignore collisions:False
-> ignore collisions:False
->VFXPhysics ignore collisions:False
->Terrain ignore collisions:False
->Utility ignore collisions:False
->Obstruction ignore collisions:False
->Combatant ignore collisions:False
->VFXOnly ignore collisions:False
->Decal ignore collisions:False
->Light ignore collisions:False
->World ignore collisions:False
->UI_InWorld ignore collisions:False
->UI_IgnoreMouseEvents ignore collisions:False
->Characters ignore collisions:False
->Space ignore collisions:False
->Road ignore collisions:False
->VFXPhysicsActive ignore collisions:False
->Reflector ignore collisions:False
->Head ignore collisions:False
->Starmap ignore collisions:False
->NoCollision ignore collisions:False
->NewTerrain ignore collisions:False
->ForceMouseEvents ignore collisions:False
-> ignore collisions:False
-> ignore collisions:False
-> ignore collisions:False
->VFXPhysics ignore collisions:False
->Terrain ignore collisions:False
->Utility ignore collisions:False
->Obstruction ignore collisions:False
->Combatant ignore collisions:False
->VFXOnly ignore collisions:False
->Decal ignore collisions:False
->Light ignore collisions:False
->World ignore collisions:False
->UI_InWorld ignore collisions:False
->UI_IgnoreMouseEvents ignore collisions:False
->Characters ignore collisions:False
->Space ignore collisions:False
->Road ignore collisions:False
->VFXPhysicsActive ignore collisions:False
->Reflector ignore collisions:False
->Head ignore collisions:False
->Starmap ignore collisions:False
->NoCollision ignore collisions:False
->NewTerrain ignore collisions:False
->ForceMouseEvents ignore collisions:False
-> ignore collisions:False
-> ignore collisions:False
-> ignore collisions:False
[21:47:02.972]WPState:BattleTech.UI.CombatHUDWeaponPanel+WPState
 None
 Off
 Loading
 Loaded
 Unloading
[21:47:07.472]FinishedLoading
ActivatableComponent constructor
ActivatableComponent constructor
ActivatableComponent constructor
ActivatableComponent constructor
ActivatableComponent constructor
ActivatableComponent constructor
ActivatableComponent constructor
ActivatableComponent constructor
ActivatableComponent constructor
ActivatableComponent constructor
ActivatableComponent constructor
